<?xml version="1.0" encoding="utf-8"?>
<coverage line-rate="0.8665999999999999" branch-rate="0.875" version="1.9" timestamp="1619483290" lines-covered="13" lines-valid="15" branches-covered="7" branches-valid="8">
  <sources>
    <source>D:\</source>
  </sources>
  <packages>
    <package name="Numbers" line-rate="0.8665999999999999" branch-rate="0.875" complexity="8">
      <classes>
        <class name="System.Numbers.PrimeService" filename="source\repos\unit-testing-code-coverage\Numbers\PrimeService.cs" line-rate="0.8665999999999999" branch-rate="0.875" complexity="8">
          <methods>
            <method name="IsPrime" signature="(System.Int32)" line-rate="0.8665999999999999" branch-rate="0.875" complexity="8">
              <lines>
                <line number="6" hits="11" branch="False" />
                <line number="7" hits="11" branch="True" condition-coverage="100% (2/2)">
                  <conditions>
                    <condition number="7" type="jump" coverage="100%" />
                  </conditions>
                </line>
                <line number="8" hits="3" branch="False" />
                <line number="9" hits="3" branch="False" />
                <line number="12" hits="8" branch="True" condition-coverage="50% (1/2)">
                  <conditions>
                    <condition number="21" type="jump" coverage="50%" />
                  </conditions>
                </line>
                <line number="13" hits="0" branch="False" />
                <line number="14" hits="0" branch="False" />
                <line number="17" hits="22" branch="True" condition-coverage="100% (2/2)">
                  <conditions>
                    <condition number="73" type="jump" coverage="100%" />
                  </conditions>
                </line>
                <line number="18" hits="7" branch="False" />
                <line number="19" hits="7" branch="True" condition-coverage="100% (2/2)">
                  <conditions>
                    <condition number="43" type="jump" coverage="100%" />
                  </conditions>
                </line>
                <line number="20" hits="4" branch="False" />
                <line number="21" hits="4" branch="False" />
                <line number="23" hits="3" branch="False" />
                <line number="24" hits="4" branch="False" />
                <line number="25" hits="11" branch="False" />
              </lines>
            </method>
          </methods>
          <lines>
            <line number="6" hits="11" branch="False" />
            <line number="7" hits="11" branch="True" condition-coverage="100% (2/2)">
              <conditions>
                <condition number="7" type="jump" coverage="100%" />
              </conditions>
            </line>
            <line number="8" hits="3" branch="False" />
            <line number="9" hits="3" branch="False" />
            <line number="12" hits="8" branch="True" condition-coverage="50% (1/2)">
              <conditions>
                <condition number="21" type="jump" coverage="50%" />
              </conditions>
            </line>
            <line number="13" hits="0" branch="False" />
            <line number="14" hits="0" branch="False" />
            <line number="17" hits="22" branch="True" condition-coverage="100% (2/2)">
              <conditions>
                <condition number="73" type="jump" coverage="100%" />
              </conditions>
            </line>
            <line number="18" hits="7" branch="False" />
            <line number="19" hits="7" branch="True" condition-coverage="100% (2/2)">
              <conditions>
                <condition number="43" type="jump" coverage="100%" />
              </conditions>
            </line>
            <line number="20" hits="4" branch="False" />
            <line number="21" hits="4" branch="False" />
            <line number="23" hits="3" branch="False" />
            <line number="24" hits="4" branch="False" />
            <line number="25" hits="11" branch="False" />
          </lines>
        </class>
      </classes>
    </package>
  </packages>
</coverage>